<?xml version="1.0" encoding="UTF-8" standalone="no"?>

<document>

    <module lecturer="Mark">Info Retrieval and Data Management</module>
    <ca>
        <title>Assignment 1</title>
        <submission_time>23:59</sumbmission_time>
        <submission_date>30/10/2020</submission_date>
    </ca>

</document>